0 info it worked if it ends with ok
1 verbose cli [ '/usr/local/bin/node', '/usr/local/bin/npm', 'run', 'build' ]
2 info using npm@3.10.10
3 info using node@v6.10.0
4 verbose run-script [ 'prebuild', 'build', 'postbuild' ]
5 info lifecycle log4js2@1.0.1~prebuild: log4js2@1.0.1
6 silly lifecycle log4js2@1.0.1~prebuild: no script for prebuild, continuing
7 info lifecycle log4js2@1.0.1~build: log4js2@1.0.1
8 verbose lifecycle log4js2@1.0.1~build: unsafe-perm in lifecycle true
9 verbose lifecycle log4js2@1.0.1~build: PATH: /usr/local/lib/node_modules/npm/bin/node-gyp-bin:/Users/robinshultz/dev/projects/github/log4js2/node_modules/.bin:/Library/Frameworks/Python.framework/Versions/2.7/bin:/usr/local/bin:/usr/bin:/bin:/usr/sbin:/sbin:/usr/local/go/bin:/Library/Frameworks/Mono.framework/Versions/Current/Commands:/Applications/Wireshark.app/Contents/MacOS:/opt/cisco/anyconnect/bin:/Users/robinshultz/dev/tools/apache-jmeter-3.1/bin
10 verbose lifecycle log4js2@1.0.1~build: CWD: /Users/robinshultz/dev/projects/github/log4js2
11 silly lifecycle log4js2@1.0.1~build: Args: [ '-c', 'gulp build' ]
12 silly lifecycle log4js2@1.0.1~build: Returned: code: 1  signal: null
13 info lifecycle log4js2@1.0.1~build: Failed to exec build script
14 verbose stack Error: log4js2@1.0.1 build: `gulp build`
14 verbose stack Exit status 1
14 verbose stack     at EventEmitter.<anonymous> (/usr/local/lib/node_modules/npm/lib/utils/lifecycle.js:255:16)
14 verbose stack     at emitTwo (events.js:106:13)
14 verbose stack     at EventEmitter.emit (events.js:191:7)
14 verbose stack     at ChildProcess.<anonymous> (/usr/local/lib/node_modules/npm/lib/utils/spawn.js:40:14)
14 verbose stack     at emitTwo (events.js:106:13)
14 verbose stack     at ChildProcess.emit (events.js:191:7)
14 verbose stack     at maybeClose (internal/child_process.js:877:16)
14 verbose stack     at Process.ChildProcess._handle.onexit (internal/child_process.js:226:5)
15 verbose pkgid log4js2@1.0.1
16 verbose cwd /Users/robinshultz/dev/projects/github/log4js2
17 error Darwin 16.5.0
18 error argv "/usr/local/bin/node" "/usr/local/bin/npm" "run" "build"
19 error node v6.10.0
20 error npm  v3.10.10
21 error code ELIFECYCLE
22 error log4js2@1.0.1 build: `gulp build`
22 error Exit status 1
23 error Failed at the log4js2@1.0.1 build script 'gulp build'.
23 error Make sure you have the latest version of node.js and npm installed.
23 error If you do, this is most likely a problem with the log4js2 package,
23 error not with npm itself.
23 error Tell the author that this fails on your system:
23 error     gulp build
23 error You can get information on how to open an issue for this project with:
23 error     npm bugs log4js2
23 error Or if that isn't available, you can get their info via:
23 error     npm owner ls log4js2
23 error There is likely additional logging output above.
24 verbose exit [ 1, true ]
